#
# There is insufficient memory for the Java Runtime Environment to continue.
# Native memory allocation (malloc) failed to allocate 39792 bytes for Chunk::new
# Possible reasons:
#   The system is out of physical RAM or swap space
#   The process is running with CompressedOops enabled, and the Java Heap may be blocking the growth of the native heap
# Possible solutions:
#   Reduce memory load on the system
#   Increase physical memory or swap space
#   Check if swap backing store is full
#   Decrease Java heap size (-Xmx/-Xms)
#   Decrease number of Java threads
#   Decrease Java thread stack sizes (-Xss)
#   Set larger code cache with -XX:ReservedCodeCacheSize=
#   JVM is running with Unscaled Compressed Oops mode in which the Java heap is
#     placed in the first 4GB address space. The Java Heap base address is the
#     maximum limit for the native heap growth. Please use -XX:HeapBaseMinAddress
#     to set the Java Heap base and to place the Java Heap above 4GB virtual address.
# This output file may be truncated or incomplete.
#
#  Out of Memory Error (arena.cpp:189), pid=4696, tid=2060
#
# JRE version: OpenJDK Runtime Environment Temurin-17.0.4.1+1 (17.0.4.1+1) (build 17.0.4.1+1)
# Java VM: OpenJDK 64-Bit Server VM Temurin-17.0.4.1+1 (17.0.4.1+1, mixed mode, tiered, compressed oops, compressed class ptrs, g1 gc, windows-amd64)
# No core dump will be written. Minidumps are not enabled by default on client versions of Windows
#

---------------  S U M M A R Y ------------

Command Line: -Dfile.encoding=UTF-8 --module-path=D:\hexaware_java\AssignmentTicketBookingSystemJ516\bin;D:\hexaware_java\AssignmentTicketBookingSystemJ516\lib\mysql-connector-java-8.0.30.jar -XX:+ShowCodeDetailsInExceptionMessages -Djdk.module.main=AssignmentTicketBookingSystemJ516 AssignmentTicketBookingSystemJ516/com.hexaware.ticketbookingsystem.main.TicketBookingSystemDB

Host: AMD Ryzen 5 3500U with Radeon Vega Mobile Gfx  , 8 cores, 5G,  Windows 11 , 64 bit Build 22621 (10.0.22621.3958)
Time: Thu Oct 17 02:34:48 2024 India Standard Time elapsed time: 0.268072 seconds (0d 0h 0m 0s)

---------------  T H R E A D  ---------------

Current thread (0x0000015150611b90):  JavaThread "C2 CompilerThread0" daemon [_thread_in_native, id=2060, stack(0x0000000eafc00000,0x0000000eafd00000)]


Current CompileTask:
C2:    268  225       4       java.lang.StringCoding::hasNegatives (25 bytes)

Stack: [0x0000000eafc00000,0x0000000eafd00000]
Native frames: (J=compiled Java code, j=interpreted, Vv=VM code, C=native code)
V  [jvm.dll+0x67731a]
V  [jvm.dll+0x832284]
V  [jvm.dll+0x833a2e]
V  [jvm.dll+0x834093]
V  [jvm.dll+0x245775]
V  [jvm.dll+0xabd7b]
V  [jvm.dll+0xac30c]
V  [jvm.dll+0x363a97]
V  [jvm.dll+0x32e011]
V  [jvm.dll+0x32d4ba]
V  [jvm.dll+0x218681]
V  [jvm.dll+0x217aa1]
V  [jvm.dll+0x1a3f8d]
V  [jvm.dll+0x227498]
V  [jvm.dll+0x2255e5]
V  [jvm.dll+0x7e7e9b]
V  [jvm.dll+0x7e240a]
V  [jvm.dll+0x6761a5]
C  [ucrtbase.dll+0x29333]
C  [KERNEL32.DLL+0x1257d]
C  [ntdll.dll+0x5af08]


---------------  P R O C E S S  ---------------

Threads class SMR info:
_java_thread_list=0x0000015151122b10, length=11, elements={
0x00000151379539a0, 0x00000151505b2ee0, 0x00000151505b5d60, 0x0000015150603be0,
0x0000015150604590, 0x0000015150604f40, 0x00000151506058f0, 0x0000015150611b90,
0x0000015150614640, 0x0000015150615810, 0x000001515055ac40
}

Java Threads: ( => current thread )
  0x00000151379539a0 JavaThread "main" [_thread_in_vm, id=40812, stack(0x0000000eaef00000,0x0000000eaf000000)]
  0x00000151505b2ee0 JavaThread "Reference Handler" daemon [_thread_blocked, id=18228, stack(0x0000000eaf600000,0x0000000eaf700000)]
  0x00000151505b5d60 JavaThread "Finalizer" daemon [_thread_blocked, id=28664, stack(0x0000000eaf700000,0x0000000eaf800000)]
  0x0000015150603be0 JavaThread "Signal Dispatcher" daemon [_thread_blocked, id=22080, stack(0x0000000eaf800000,0x0000000eaf900000)]
  0x0000015150604590 JavaThread "Attach Listener" daemon [_thread_blocked, id=42004, stack(0x0000000eaf900000,0x0000000eafa00000)]
  0x0000015150604f40 JavaThread "Service Thread" daemon [_thread_blocked, id=37052, stack(0x0000000eafa00000,0x0000000eafb00000)]
  0x00000151506058f0 JavaThread "Monitor Deflation Thread" daemon [_thread_blocked, id=17780, stack(0x0000000eafb00000,0x0000000eafc00000)]
=>0x0000015150611b90 JavaThread "C2 CompilerThread0" daemon [_thread_in_native, id=2060, stack(0x0000000eafc00000,0x0000000eafd00000)]
  0x0000015150614640 JavaThread "C1 CompilerThread0" daemon [_thread_in_native, id=22916, stack(0x0000000eafd00000,0x0000000eafe00000)]
  0x0000015150615810 JavaThread "Sweeper thread" daemon [_thread_blocked, id=20384, stack(0x0000000eafe00000,0x0000000eaff00000)]
  0x000001515055ac40 JavaThread "Common-Cleaner" daemon [_thread_blocked, id=33460, stack(0x0000000eaff00000,0x0000000eb0000000)]

Other Threads:
  0x00000151505e5740 VMThread "VM Thread" [stack: 0x0000000eaf500000,0x0000000eaf600000] [id=42284]
  0x00000151379a0a90 GCTaskThread "GC Thread#0" [stack: 0x0000000eaf000000,0x0000000eaf100000] [id=42552]
  0x00000151379ad710 ConcurrentGCThread "G1 Main Marker" [stack: 0x0000000eaf100000,0x0000000eaf200000] [id=12528]
  0x00000151379ae8d0 ConcurrentGCThread "G1 Conc#0" [stack: 0x0000000eaf200000,0x0000000eaf300000] [id=42364]
  0x0000015137a130f0 ConcurrentGCThread "G1 Refine#0" [stack: 0x0000000eaf300000,0x0000000eaf400000] [id=3380]
  0x0000015137a13b10 ConcurrentGCThread "G1 Service" [stack: 0x0000000eaf400000,0x0000000eaf500000] [id=21912]

Threads with active compile tasks:
C2 CompilerThread0      292  225       4       java.lang.StringCoding::hasNegatives (25 bytes)
C1 CompilerThread0      292  210       3       java.util.zip.ZipFile::getZipEntry (322 bytes)

VM state: not at safepoint (normal execution)

VM Mutex/Monitor currently owned by a thread: None

Heap address: 0x00000000a1600000, size: 1514 MB, Compressed Oops mode: 32-bit

CDS archive(s) not mapped
Compressed class space mapped at: 0x0000000100000000-0x0000000140000000, reserved size: 1073741824
Narrow klass base: 0x0000000000000000, Narrow klass shift: 3, Narrow klass range: 0x140000000

GC Precious Log:
 CPUs: 8 total, 8 available
 Memory: 6055M
 Large Page Support: Disabled
 NUMA Support: Disabled
 Compressed Oops: Enabled (32-bit)
 Heap Region Size: 1M
 Heap Min Capacity: 8M
 Heap Initial Capacity: 96M
 Heap Max Capacity: 1514M
 Pre-touch: Disabled
 Parallel Workers: 8
 Concurrent Workers: 2
 Concurrent Refinement Workers: 8
 Periodic GC: Disabled

Heap:
 garbage-first heap   total 98304K, used 2048K [0x00000000a1600000, 0x0000000100000000)
  region size 1024K, 3 young (3072K), 0 survivors (0K)
 Metaspace       used 6578K, committed 6784K, reserved 1056768K
  class space    used 579K, committed 704K, reserved 1048576K

Heap Regions: E=young(eden), S=young(survivor), O=old, HS=humongous(starts), HC=humongous(continues), CS=collection set, F=free, OA=open archive, CA=closed archive, TAMS=top-at-mark-start (previous, next)
|   0|0x00000000a1600000, 0x00000000a1600000, 0x00000000a1700000|  0%| F|  |TAMS 0x00000000a1600000, 0x00000000a1600000| Untracked 
|   1|0x00000000a1700000, 0x00000000a1700000, 0x00000000a1800000|  0%| F|  |TAMS 0x00000000a1700000, 0x00000000a1700000| Untracked 
|   2|0x00000000a1800000, 0x00000000a1800000, 0x00000000a1900000|  0%| F|  |TAMS 0x00000000a1800000, 0x00000000a1800000| Untracked 
|   3|0x00000000a1900000, 0x00000000a1900000, 0x00000000a1a00000|  0%| F|  |TAMS 0x00000000a1900000, 0x00000000a1900000| Untracked 
|   4|0x00000000a1a00000, 0x00000000a1a00000, 0x00000000a1b00000|  0%| F|  |TAMS 0x00000000a1a00000, 0x00000000a1a00000| Untracked 
|   5|0x00000000a1b00000, 0x00000000a1b00000, 0x00000000a1c00000|  0%| F|  |TAMS 0x00000000a1b00000, 0x00000000a1b00000| Untracked 
|   6|0x00000000a1c00000, 0x00000000a1c00000, 0x00000000a1d00000|  0%| F|  |TAMS 0x00000000a1c00000, 0x00000000a1c00000| Untracked 
|   7|0x00000000a1d00000, 0x00000000a1d00000, 0x00000000a1e00000|  0%| F|  |TAMS 0x00000000a1d00000, 0x00000000a1d00000| Untracked 
|   8|0x00000000a1e00000, 0x00000000a1e00000, 0x00000000a1f00000|  0%| F|  |TAMS 0x00000000a1e00000, 0x00000000a1e00000| Untracked 
|   9|0x00000000a1f00000, 0x00000000a1f00000, 0x00000000a2000000|  0%| F|  |TAMS 0x00000000a1f00000, 0x00000000a1f00000| Untracked 
|  10|0x00000000a2000000, 0x00000000a2000000, 0x00000000a2100000|  0%| F|  |TAMS 0x00000000a2000000, 0x00000000a2000000| Untracked 
|  11|0x00000000a2100000, 0x00000000a2100000, 0x00000000a2200000|  0%| F|  |TAMS 0x00000000a2100000, 0x00000000a2100000| Untracked 
|  12|0x00000000a2200000, 0x00000000a2200000, 0x00000000a2300000|  0%| F|  |TAMS 0x00000000a2200000, 0x00000000a2200000| Untracked 
|  13|0x00000000a2300000, 0x00000000a2300000, 0x00000000a2400000|  0%| F|  |TAMS 0x00000000a2300000, 0x00000000a2300000| Untracked 
|  14|0x00000000a2400000, 0x00000000a2400000, 0x00000000a2500000|  0%| F|  |TAMS 0x00000000a2400000, 0x00000000a2400000| Untracked 
|  15|0x00000000a2500000, 0x00000000a2500000, 0x00000000a2600000|  0%| F|  |TAMS 0x00000000a2500000, 0x00000000a2500000| Untracked 
|  16|0x00000000a2600000, 0x00000000a2600000, 0x00000000a2700000|  0%| F|  |TAMS 0x00000000a2600000, 0x00000000a2600000| Untracked 
|  17|0x00000000a2700000, 0x00000000a2700000, 0x00000000a2800000|  0%| F|  |TAMS 0x00000000a2700000, 0x00000000a2700000| Untracked 
|  18|0x00000000a2800000, 0x00000000a2800000, 0x00000000a2900000|  0%| F|  |TAMS 0x00000000a2800000, 0x00000000a2800000| Untracked 
|  19|0x00000000a2900000, 0x00000000a2900000, 0x00000000a2a00000|  0%| F|  |TAMS 0x00000000a2900000, 0x00000000a2900000| Untracked 
|  20|0x00000000a2a00000, 0x00000000a2a00000, 0x00000000a2b00000|  0%| F|  |TAMS 0x00000000a2a00000, 0x00000000a2a00000| Untracked 
|  21|0x00000000a2b00000, 0x00000000a2b00000, 0x00000000a2c00000|  0%| F|  |TAMS 0x00000000a2b00000, 0x00000000a2b00000| Untracked 
|  22|0x00000000a2c00000, 0x00000000a2c00000, 0x00000000a2d00000|  0%| F|  |TAMS 0x00000000a2c00000, 0x00000000a2c00000| Untracked 
|  23|0x00000000a2d00000, 0x00000000a2d00000, 0x00000000a2e00000|  0%| F|  |TAMS 0x00000000a2d00000, 0x00000000a2d00000| Untracked 
|  24|0x00000000a2e00000, 0x00000000a2e00000, 0x00000000a2f00000|  0%| F|  |TAMS 0x00000000a2e00000, 0x00000000a2e00000| Untracked 
|  25|0x00000000a2f00000, 0x00000000a2f00000, 0x00000000a3000000|  0%| F|  |TAMS 0x00000000a2f00000, 0x00000000a2f00000| Untracked 
|  26|0x00000000a3000000, 0x00000000a3000000, 0x00000000a3100000|  0%| F|  |TAMS 0x00000000a3000000, 0x00000000a3000000| Untracked 
|  27|0x00000000a3100000, 0x00000000a3100000, 0x00000000a3200000|  0%| F|  |TAMS 0x00000000a3100000, 0x00000000a3100000| Untracked 
|  28|0x00000000a3200000, 0x00000000a3200000, 0x00000000a3300000|  0%| F|  |TAMS 0x00000000a3200000, 0x00000000a3200000| Untracked 
|  29|0x00000000a3300000, 0x00000000a3300000, 0x00000000a3400000|  0%| F|  |TAMS 0x00000000a3300000, 0x00000000a3300000| Untracked 
|  30|0x00000000a3400000, 0x00000000a3400000, 0x00000000a3500000|  0%| F|  |TAMS 0x00000000a3400000, 0x00000000a3400000| Untracked 
|  31|0x00000000a3500000, 0x00000000a3500000, 0x00000000a3600000|  0%| F|  |TAMS 0x00000000a3500000, 0x00000000a3500000| Untracked 
|  32|0x00000000a3600000, 0x00000000a3600000, 0x00000000a3700000|  0%| F|  |TAMS 0x00000000a3600000, 0x00000000a3600000| Untracked 
|  33|0x00000000a3700000, 0x00000000a3700000, 0x00000000a3800000|  0%| F|  |TAMS 0x00000000a3700000, 0x00000000a3700000| Untracked 
|  34|0x00000000a3800000, 0x00000000a3800000, 0x00000000a3900000|  0%| F|  |TAMS 0x00000000a3800000, 0x00000000a3800000| Untracked 
|  35|0x00000000a3900000, 0x00000000a3900000, 0x00000000a3a00000|  0%| F|  |TAMS 0x00000000a3900000, 0x00000000a3900000| Untracked 
|  36|0x00000000a3a00000, 0x00000000a3a00000, 0x00000000a3b00000|  0%| F|  |TAMS 0x00000000a3a00000, 0x00000000a3a00000| Untracked 
|  37|0x00000000a3b00000, 0x00000000a3b00000, 0x00000000a3c00000|  0%| F|  |TAMS 0x00000000a3b00000, 0x00000000a3b00000| Untracked 
|  38|0x00000000a3c00000, 0x00000000a3c00000, 0x00000000a3d00000|  0%| F|  |TAMS 0x00000000a3c00000, 0x00000000a3c00000| Untracked 
|  39|0x00000000a3d00000, 0x00000000a3d00000, 0x00000000a3e00000|  0%| F|  |TAMS 0x00000000a3d00000, 0x00000000a3d00000| Untracked 
|  40|0x00000000a3e00000, 0x00000000a3e00000, 0x00000000a3f00000|  0%| F|  |TAMS 0x00000000a3e00000, 0x00000000a3e00000| Untracked 
|  41|0x00000000a3f00000, 0x00000000a3f00000, 0x00000000a4000000|  0%| F|  |TAMS 0x00000000a3f00000, 0x00000000a3f00000| Untracked 
|  42|0x00000000a4000000, 0x00000000a4000000, 0x00000000a4100000|  0%| F|  |TAMS 0x00000000a4000000, 0x00000000a4000000| Untracked 
|  43|0x00000000a4100000, 0x00000000a4100000, 0x00000000a4200000|  0%| F|  |TAMS 0x00000000a4100000, 0x00000000a4100000| Untracked 
|  44|0x00000000a4200000, 0x00000000a4200000, 0x00000000a4300000|  0%| F|  |TAMS 0x00000000a4200000, 0x00000000a4200000| Untracked 
|  45|0x00000000a4300000, 0x00000000a4300000, 0x00000000a4400000|  0%| F|  |TAMS 0x00000000a4300000, 0x00000000a4300000| Untracked 
|  46|0x00000000a4400000, 0x00000000a4400000, 0x00000000a4500000|  0%| F|  |TAMS 0x00000000a4400000, 0x00000000a4400000| Untracked 
|  47|0x00000000a4500000, 0x00000000a4500000, 0x00000000a4600000|  0%| F|  |TAMS 0x00000000a4500000, 0x00000000a4500000| Untracked 
|  48|0x00000000a4600000, 0x00000000a4600000, 0x00000000a4700000|  0%| F|  |TAMS 0x00000000a4600000, 0x00000000a4600000| Untracked 
|  49|0x00000000a4700000, 0x00000000a4700000, 0x00000000a4800000|  0%| F|  |TAMS 0x00000000a4700000, 0x00000000a4700000| Untracked 
|  50|0x00000000a4800000, 0x00000000a4800000, 0x00000000a4900000|  0%| F|  |TAMS 0x00000000a4800000, 0x00000000a4800000| Untracked 
|  51|0x00000000a4900000, 0x00000000a4900000, 0x00000000a4a00000|  0%| F|  |TAMS 0x00000000a4900000, 0x00000000a4900000| Untracked 
|  52|0x00000000a4a00000, 0x00000000a4a00000, 0x00000000a4b00000|  0%| F|  |TAMS 0x00000000a4a00000, 0x00000000a4a00000| Untracked 
|  53|0x00000000a4b00000, 0x00000000a4b00000, 0x00000000a4c00000|  0%| F|  |TAMS 0x00000000a4b00000, 0x00000000a4b00000| Untracked 
|  54|0x00000000a4c00000, 0x00000000a4c00000, 0x00000000a4d00000|  0%| F|  |TAMS 0x00000000a4c00000, 0x00000000a4c00000| Untracked 
|  55|0x00000000a4d00000, 0x00000000a4d00000, 0x00000000a4e00000|  0%| F|  |TAMS 0x00000000a4d00000, 0x00000000a4d00000| Untracked 
|  56|0x00000000a4e00000, 0x00000000a4e00000, 0x00000000a4f00000|  0%| F|  |TAMS 0x00000000a4e00000, 0x00000000a4e00000| Untracked 
|  57|0x00000000a4f00000, 0x00000000a4f00000, 0x00000000a5000000|  0%| F|  |TAMS 0x00000000a4f00000, 0x00000000a4f00000| Untracked 
|  58|0x00000000a5000000, 0x00000000a5000000, 0x00000000a5100000|  0%| F|  |TAMS 0x00000000a5000000, 0x00000000a5000000| Untracked 
|  59|0x00000000a5100000, 0x00000000a5100000, 0x00000000a5200000|  0%| F|  |TAMS 0x00000000a5100000, 0x00000000a5100000| Untracked 
|  60|0x00000000a5200000, 0x00000000a5200000, 0x00000000a5300000|  0%| F|  |TAMS 0x00000000a5200000, 0x00000000a5200000| Untracked 
|  61|0x00000000a5300000, 0x00000000a5300000, 0x00000000a5400000|  0%| F|  |TAMS 0x00000000a5300000, 0x00000000a5300000| Untracked 
|  62|0x00000000a5400000, 0x00000000a5400000, 0x00000000a5500000|  0%| F|  |TAMS 0x00000000a5400000, 0x00000000a5400000| Untracked 
|  63|0x00000000a5500000, 0x00000000a5500000, 0x00000000a5600000|  0%| F|  |TAMS 0x00000000a5500000, 0x00000000a5500000| Untracked 
|  64|0x00000000a5600000, 0x00000000a5600000, 0x00000000a5700000|  0%| F|  |TAMS 0x00000000a5600000, 0x00000000a5600000| Untracked 
|  65|0x00000000a5700000, 0x00000000a5700000, 0x00000000a5800000|  0%| F|  |TAMS 0x00000000a5700000, 0x00000000a5700000| Untracked 
|  66|0x00000000a5800000, 0x00000000a5800000, 0x00000000a5900000|  0%| F|  |TAMS 0x00000000a5800000, 0x00000000a5800000| Untracked 
|  67|0x00000000a5900000, 0x00000000a5900000, 0x00000000a5a00000|  0%| F|  |TAMS 0x00000000a5900000, 0x00000000a5900000| Untracked 
|  68|0x00000000a5a00000, 0x00000000a5a00000, 0x00000000a5b00000|  0%| F|  |TAMS 0x00000000a5a00000, 0x00000000a5a00000| Untracked 
|  69|0x00000000a5b00000, 0x00000000a5b00000, 0x00000000a5c00000|  0%| F|  |TAMS 0x00000000a5b00000, 0x00000000a5b00000| Untracked 
|  70|0x00000000a5c00000, 0x00000000a5c00000, 0x00000000a5d00000|  0%| F|  |TAMS 0x00000000a5c00000, 0x00000000a5c00000| Untracked 
|  71|0x00000000a5d00000, 0x00000000a5d00000, 0x00000000a5e00000|  0%| F|  |TAMS 0x00000000a5d00000, 0x00000000a5d00000| Untracked 
|  72|0x00000000a5e00000, 0x00000000a5e00000, 0x00000000a5f00000|  0%| F|  |TAMS 0x00000000a5e00000, 0x00000000a5e00000| Untracked 
|  73|0x00000000a5f00000, 0x00000000a5f00000, 0x00000000a6000000|  0%| F|  |TAMS 0x00000000a5f00000, 0x00000000a5f00000| Untracked 
|  74|0x00000000a6000000, 0x00000000a6000000, 0x00000000a6100000|  0%| F|  |TAMS 0x00000000a6000000, 0x00000000a6000000| Untracked 
|  75|0x00000000a6100000, 0x00000000a6100000, 0x00000000a6200000|  0%| F|  |TAMS 0x00000000a6100000, 0x00000000a6100000| Untracked 
|  76|0x00000000a6200000, 0x00000000a6200000, 0x00000000a6300000|  0%| F|  |TAMS 0x00000000a6200000, 0x00000000a6200000| Untracked 
|  77|0x00000000a6300000, 0x00000000a6300000, 0x00000000a6400000|  0%| F|  |TAMS 0x00000000a6300000, 0x00000000a6300000| Untracked 
|  78|0x00000000a6400000, 0x00000000a6400000, 0x00000000a6500000|  0%| F|  |TAMS 0x00000000a6400000, 0x00000000a6400000| Untracked 
|  79|0x00000000a6500000, 0x00000000a6500000, 0x00000000a6600000|  0%| F|  |TAMS 0x00000000a6500000, 0x00000000a6500000| Untracked 
|  80|0x00000000a6600000, 0x00000000a6600000, 0x00000000a6700000|  0%| F|  |TAMS 0x00000000a6600000, 0x00000000a6600000| Untracked 
|  81|0x00000000a6700000, 0x00000000a6700000, 0x00000000a6800000|  0%| F|  |TAMS 0x00000000a6700000, 0x00000000a6700000| Untracked 
|  82|0x00000000a6800000, 0x00000000a6800000, 0x00000000a6900000|  0%| F|  |TAMS 0x00000000a6800000, 0x00000000a6800000| Untracked 
|  83|0x00000000a6900000, 0x00000000a6900000, 0x00000000a6a00000|  0%| F|  |TAMS 0x00000000a6900000, 0x00000000a6900000| Untracked 
|  84|0x00000000a6a00000, 0x00000000a6a00000, 0x00000000a6b00000|  0%| F|  |TAMS 0x00000000a6a00000, 0x00000000a6a00000| Untracked 
|  85|0x00000000a6b00000, 0x00000000a6b00000, 0x00000000a6c00000|  0%| F|  |TAMS 0x00000000a6b00000, 0x00000000a6b00000| Untracked 
|  86|0x00000000a6c00000, 0x00000000a6c00000, 0x00000000a6d00000|  0%| F|  |TAMS 0x00000000a6c00000, 0x00000000a6c00000| Untracked 
|  87|0x00000000a6d00000, 0x00000000a6d00000, 0x00000000a6e00000|  0%| F|  |TAMS 0x00000000a6d00000, 0x00000000a6d00000| Untracked 
|  88|0x00000000a6e00000, 0x00000000a6e00000, 0x00000000a6f00000|  0%| F|  |TAMS 0x00000000a6e00000, 0x00000000a6e00000| Untracked 
|  89|0x00000000a6f00000, 0x00000000a6f00000, 0x00000000a7000000|  0%| F|  |TAMS 0x00000000a6f00000, 0x00000000a6f00000| Untracked 
|  90|0x00000000a7000000, 0x00000000a7000000, 0x00000000a7100000|  0%| F|  |TAMS 0x00000000a7000000, 0x00000000a7000000| Untracked 
|  91|0x00000000a7100000, 0x00000000a7100000, 0x00000000a7200000|  0%| F|  |TAMS 0x00000000a7100000, 0x00000000a7100000| Untracked 
|  92|0x00000000a7200000, 0x00000000a7200000, 0x00000000a7300000|  0%| F|  |TAMS 0x00000000a7200000, 0x00000000a7200000| Untracked 
|  93|0x00000000a7300000, 0x00000000a73ec080, 0x00000000a7400000| 92%| E|  |TAMS 0x00000000a7300000, 0x00000000a7300000| Complete 
|  94|0x00000000a7400000, 0x00000000a7500000, 0x00000000a7500000|100%| E|CS|TAMS 0x00000000a7400000, 0x00000000a7400000| Complete 
|  95|0x00000000a7500000, 0x00000000a7600000, 0x00000000a7600000|100%| E|CS|TAMS 0x00000000a7500000, 0x00000000a7500000| Complete 

Card table byte_map: [0x000001514a640000,0x000001514a940000] _byte_map_base: 0x000001514a135000

Marking Bits (Prev, Next): (CMBitMap*) 0x00000151379a10a0, (CMBitMap*) 0x00000151379a10e0
 Prev Bits: [0x000001514ac40000, 0x000001514c3e8000)
 Next Bits: [0x000001514c3f0000, 0x000001514db98000)

Polling page: 0x0000015137120000

Metaspace:

Usage:
  Non-class:      5.88 MB used.
      Class:    582.52 KB used.
       Both:      6.45 MB used.

Virtual space:
  Non-class space:        8.00 MB reserved,       6.00 MB ( 75%) committed,  1 nodes.
      Class space:        1.00 GB reserved,     704.00 KB ( <1%) committed,  1 nodes.
             Both:        1.01 GB reserved,       6.69 MB ( <1%) committed. 

Chunk freelists:
   Non-Class:  2.05 MB
       Class:  3.25 MB
        Both:  5.30 MB

MaxMetaspaceSize: unlimited
CompressedClassSpaceSize: 1.00 GB
Initial GC threshold: 21.00 MB
Current GC threshold: 21.00 MB
CDS: off
MetaspaceReclaimPolicy: balanced
 - commit_granule_bytes: 65536.
 - commit_granule_words: 8192.
 - virtual_space_node_default_size: 1048576.
 - enlarge_chunks_in_place: 1.
 - new_chunks_are_fully_committed: 0.
 - uncommit_free_chunks: 1.
 - use_allocation_guard: 0.
 - handle_deallocations: 1.


Internal statistics:

num_allocs_failed_limit: 0.
num_arena_births: 12.
num_arena_deaths: 0.
num_vsnodes_births: 2.
num_vsnodes_deaths: 0.
num_space_committed: 107.
num_space_uncommitted: 0.
num_chunks_returned_to_freelist: 0.
num_chunks_taken_from_freelist: 25.
num_chunk_merges: 0.
num_chunk_splits: 10.
num_chunks_enlarged: 5.
num_purges: 0.
num_inconsistent_stats: 0.

CodeHeap 'non-profiled nmethods': size=120000Kb used=56Kb max_used=56Kb free=119943Kb
 bounds [0x0000015142ae0000, 0x0000015142d50000, 0x000001514a010000]
CodeHeap 'profiled nmethods': size=120000Kb used=269Kb max_used=269Kb free=119730Kb
 bounds [0x000001513b5b0000, 0x000001513b820000, 0x0000015142ae0000]
CodeHeap 'non-nmethods': size=5760Kb used=1102Kb max_used=1116Kb free=4657Kb
 bounds [0x000001513b010000, 0x000001513b280000, 0x000001513b5b0000]
 total_blobs=590 nmethods=212 adapters=291
 compilation: enabled
              stopped_count=0, restarted_count=0
 full_count=0

Compilation events (20 events):
Event: 0.259 Thread 0x0000015150614640  201       3       java.lang.String::checkBoundsOffCount (64 bytes)
Event: 0.260 Thread 0x0000015150614640 nmethod 201 0x000001513b5eea90 code [0x000001513b5eed20, 0x000001513b5ef618]
Event: 0.260 Thread 0x0000015150614640  207       3       java.lang.System$2::newStringUTF8NoRepl (7 bytes)
Event: 0.260 Thread 0x0000015150614640 nmethod 207 0x000001513b5ef990 code [0x000001513b5efb20, 0x000001513b5efc68]
Event: 0.260 Thread 0x0000015150614640  202       3       java.util.stream.ReferencePipeline$3$1::accept (23 bytes)
Event: 0.260 Thread 0x0000015150614640 nmethod 202 0x000001513b5efd10 code [0x000001513b5efec0, 0x000001513b5f0158]
Event: 0.260 Thread 0x0000015150614640  203       3       java.util.zip.ZipFile::ensureOpen (40 bytes)
Event: 0.260 Thread 0x0000015150614640 nmethod 203 0x000001513b5f0290 code [0x000001513b5f0460, 0x000001513b5f06f8]
Event: 0.260 Thread 0x0000015150614640  204       3       java.util.zip.ZipUtils::CENLEN (9 bytes)
Event: 0.261 Thread 0x0000015150614640 nmethod 204 0x000001513b5f0810 code [0x000001513b5f09c0, 0x000001513b5f0c98]
Event: 0.261 Thread 0x0000015150614640  205       3       java.util.zip.ZipUtils::CENSIZ (9 bytes)
Event: 0.261 Thread 0x0000015150614640 nmethod 205 0x000001513b5f0e10 code [0x000001513b5f0fc0, 0x000001513b5f1298]
Event: 0.261 Thread 0x0000015150614640  206       3       java.util.zip.ZipCoder$UTF8ZipCoder::toString (12 bytes)
Event: 0.261 Thread 0x0000015150614640 nmethod 206 0x000001513b5f1410 code [0x000001513b5f15c0, 0x000001513b5f1768]
Event: 0.261 Thread 0x0000015150614640  209       3       java.util.zip.ZipFile$Source::getEntryPos (9 bytes)
Event: 0.261 Thread 0x0000015150614640 nmethod 209 0x000001513b5f1890 code [0x000001513b5f1a20, 0x000001513b5f1b58]
Event: 0.261 Thread 0x0000015150614640  208       3       java.lang.String::newStringUTF8NoRepl (276 bytes)
Event: 0.261 Thread 0x0000015150611b90  225       4       java.lang.StringCoding::hasNegatives (25 bytes)
Event: 0.262 Thread 0x0000015150614640 nmethod 208 0x000001513b5f1c10 code [0x000001513b5f1ec0, 0x000001513b5f2f78]
Event: 0.262 Thread 0x0000015150614640  210       3       java.util.zip.ZipFile::getZipEntry (322 bytes)

GC Heap History (0 events):
No events

Deoptimization events (0 events):
No events

Classes unloaded (0 events):
No events

Classes redefined (0 events):
No events

Internal exceptions (1 events):
Event: 0.202 Thread 0x00000151379539a0 Exception <a 'java/lang/NoSuchMethodError'{0x00000000a7424900}: 'void java.lang.invoke.DirectMethodHandle$Holder.invokeVirtual(java.lang.Object, java.lang.Object)'> (0x00000000a7424900) 
thrown [s\src\hotspot\share\interpreter\linkResolver.cpp, line 759]

VM Operations (0 events):
No events

Events (20 events):
Event: 0.249 loading class java/util/regex/IntHashSet
Event: 0.249 loading class java/util/regex/IntHashSet done
Event: 0.249 loading class java/util/regex/ASCII
Event: 0.249 loading class java/util/regex/ASCII done
Event: 0.249 loading class java/util/zip/ZipFile$EntrySpliterator
Event: 0.249 loading class java/util/Spliterators$AbstractSpliterator
Event: 0.250 loading class java/util/Spliterators$AbstractSpliterator done
Event: 0.250 loading class java/util/zip/ZipFile$EntrySpliterator done
Event: 0.250 loading class java/util/function/IntFunction
Event: 0.250 loading class java/util/function/IntFunction done
Event: 0.253 loading class java/util/stream/Collectors$Partition
Event: 0.253 loading class java/util/stream/Collectors$Partition done
Event: 0.263 loading class java/util/stream/Collectors$Partition$1
Event: 0.263 loading class java/util/stream/Collectors$Partition$1 done
Event: 0.263 loading class java/util/AbstractMap$SimpleImmutableEntry
Event: 0.263 loading class java/util/AbstractMap$SimpleImmutableEntry done
Event: 0.263 loading class java/util/HashMap$KeySpliterator
Event: 0.264 loading class java/util/HashMap$HashMapSpliterator
Event: 0.264 loading class java/util/HashMap$HashMapSpliterator done
Event: 0.264 loading class java/util/HashMap$KeySpliterator done


Dynamic libraries:
0x00007ff74e8f0000 - 0x00007ff74e8fe000 	C:\Users\hp\.p2\pool\plugins\org.eclipse.justj.openjdk.hotspot.jre.full.win32.x86_64_17.0.4.v20221004-1257\jre\bin\javaw.exe
0x00007ffa49af0000 - 0x00007ffa49d07000 	C:\WINDOWS\SYSTEM32\ntdll.dll
0x00007ffa47ca0000 - 0x00007ffa47d64000 	C:\WINDOWS\System32\KERNEL32.DLL
0x00007ffa47280000 - 0x00007ffa47637000 	C:\WINDOWS\System32\KERNELBASE.dll
0x00007ffa47130000 - 0x00007ffa47241000 	C:\WINDOWS\System32\ucrtbase.dll
0x00007ffa13d60000 - 0x00007ffa13d79000 	C:\Users\hp\.p2\pool\plugins\org.eclipse.justj.openjdk.hotspot.jre.full.win32.x86_64_17.0.4.v20221004-1257\jre\bin\VCRUNTIME140.dll
0x00007ffa21750000 - 0x00007ffa21768000 	C:\Users\hp\.p2\pool\plugins\org.eclipse.justj.openjdk.hotspot.jre.full.win32.x86_64_17.0.4.v20221004-1257\jre\bin\jli.dll
0x00007ffa49900000 - 0x00007ffa49aaf000 	C:\WINDOWS\System32\USER32.dll
0x00007ffa2a410000 - 0x00007ffa2a6a3000 	C:\WINDOWS\WinSxS\amd64_microsoft.windows.common-controls_6595b64144ccf1df_6.0.22621.3672_none_2713b9d173822955\COMCTL32.dll
0x00007ffa476c0000 - 0x00007ffa476e6000 	C:\WINDOWS\System32\win32u.dll
0x00007ffa48ff0000 - 0x00007ffa49097000 	C:\WINDOWS\System32\msvcrt.dll
0x00007ffa498d0000 - 0x00007ffa498f9000 	C:\WINDOWS\System32\GDI32.dll
0x00007ffa46ea0000 - 0x00007ffa46fb8000 	C:\WINDOWS\System32\gdi32full.dll
0x00007ffa46e00000 - 0x00007ffa46e9a000 	C:\WINDOWS\System32\msvcp_win.dll
0x00007ffa486f0000 - 0x00007ffa48721000 	C:\WINDOWS\System32\IMM32.DLL
0x00007ffa358c0000 - 0x00007ffa358cc000 	C:\Users\hp\.p2\pool\plugins\org.eclipse.justj.openjdk.hotspot.jre.full.win32.x86_64_17.0.4.v20221004-1257\jre\bin\vcruntime140_1.dll
0x00007ff9f6e60000 - 0x00007ff9f6ef1000 	C:\Users\hp\.p2\pool\plugins\org.eclipse.justj.openjdk.hotspot.jre.full.win32.x86_64_17.0.4.v20221004-1257\jre\bin\msvcp140.dll
0x00007ff9e3c90000 - 0x00007ff9e48d6000 	C:\Users\hp\.p2\pool\plugins\org.eclipse.justj.openjdk.hotspot.jre.full.win32.x86_64_17.0.4.v20221004-1257\jre\bin\server\jvm.dll
0x00007ffa48e30000 - 0x00007ffa48ee2000 	C:\WINDOWS\System32\ADVAPI32.dll
0x00007ffa48d70000 - 0x00007ffa48e18000 	C:\WINDOWS\System32\sechost.dll
0x00007ffa47250000 - 0x00007ffa47278000 	C:\WINDOWS\System32\bcrypt.dll
0x00007ffa49360000 - 0x00007ffa49474000 	C:\WINDOWS\System32\RPCRT4.dll
0x00007ffa47820000 - 0x00007ffa47828000 	C:\WINDOWS\System32\PSAPI.DLL
0x00007ffa3f3a0000 - 0x00007ffa3f3aa000 	C:\WINDOWS\SYSTEM32\VERSION.dll
0x00007ffa42b90000 - 0x00007ffa42bc4000 	C:\WINDOWS\SYSTEM32\WINMM.dll
0x00007ffa2dc30000 - 0x00007ffa2dc39000 	C:\WINDOWS\SYSTEM32\WSOCK32.dll
0x00007ffa47970000 - 0x00007ffa479e1000 	C:\WINDOWS\System32\WS2_32.dll
0x00007ffa45e50000 - 0x00007ffa45e68000 	C:\WINDOWS\SYSTEM32\kernel.appcore.dll
0x00007ffa43100000 - 0x00007ffa4310a000 	C:\Users\hp\.p2\pool\plugins\org.eclipse.justj.openjdk.hotspot.jre.full.win32.x86_64_17.0.4.v20221004-1257\jre\bin\jimage.dll
0x00007ffa400f0000 - 0x00007ffa40322000 	C:\WINDOWS\SYSTEM32\DBGHELP.DLL
0x00007ffa49540000 - 0x00007ffa498ce000 	C:\WINDOWS\System32\combase.dll
0x00007ffa490c0000 - 0x00007ffa49197000 	C:\WINDOWS\System32\OLEAUT32.dll
0x00007ffa3f6c0000 - 0x00007ffa3f6f2000 	C:\WINDOWS\SYSTEM32\dbgcore.DLL
0x00007ffa47640000 - 0x00007ffa476bb000 	C:\WINDOWS\System32\bcryptPrimitives.dll
0x00007ffa2b160000 - 0x00007ffa2b185000 	C:\Users\hp\.p2\pool\plugins\org.eclipse.justj.openjdk.hotspot.jre.full.win32.x86_64_17.0.4.v20221004-1257\jre\bin\java.dll
0x00007ffa2f740000 - 0x00007ffa2f758000 	C:\Users\hp\.p2\pool\plugins\org.eclipse.justj.openjdk.hotspot.jre.full.win32.x86_64_17.0.4.v20221004-1257\jre\bin\zip.dll
0x00007ffa47e80000 - 0x00007ffa486e9000 	C:\WINDOWS\System32\SHELL32.dll
0x00007ffa44d70000 - 0x00007ffa4566f000 	C:\WINDOWS\SYSTEM32\windows.storage.dll
0x00007ffa44c30000 - 0x00007ffa44d6f000 	C:\WINDOWS\SYSTEM32\wintypes.dll
0x00007ffa47d80000 - 0x00007ffa47e79000 	C:\WINDOWS\System32\SHCORE.dll
0x00007ffa49480000 - 0x00007ffa494de000 	C:\WINDOWS\System32\shlwapi.dll
0x00007ffa46d30000 - 0x00007ffa46d57000 	C:\WINDOWS\SYSTEM32\profapi.dll
0x00007ffa264c0000 - 0x00007ffa264d9000 	C:\Users\hp\.p2\pool\plugins\org.eclipse.justj.openjdk.hotspot.jre.full.win32.x86_64_17.0.4.v20221004-1257\jre\bin\net.dll
0x00007ffa42f10000 - 0x00007ffa43046000 	C:\WINDOWS\SYSTEM32\WINHTTP.dll
0x00007ffa462c0000 - 0x00007ffa46329000 	C:\WINDOWS\system32\mswsock.dll
0x00007ffa24ac0000 - 0x00007ffa24ad5000 	C:\Users\hp\.p2\pool\plugins\org.eclipse.justj.openjdk.hotspot.jre.full.win32.x86_64_17.0.4.v20221004-1257\jre\bin\nio.dll

dbghelp: loaded successfully - version: 4.0.5 - missing functions: none
symbol engine: initialized successfully - sym options: 0x614 - pdb path: .;C:\Users\hp\.p2\pool\plugins\org.eclipse.justj.openjdk.hotspot.jre.full.win32.x86_64_17.0.4.v20221004-1257\jre\bin;C:\WINDOWS\SYSTEM32;C:\WINDOWS\WinSxS\amd64_microsoft.windows.common-controls_6595b64144ccf1df_6.0.22621.3672_none_2713b9d173822955;C:\Users\hp\.p2\pool\plugins\org.eclipse.justj.openjdk.hotspot.jre.full.win32.x86_64_17.0.4.v20221004-1257\jre\bin\server

VM Arguments:
jvm_args: -Dfile.encoding=UTF-8 --module-path=D:\hexaware_java\AssignmentTicketBookingSystemJ516\bin;D:\hexaware_java\AssignmentTicketBookingSystemJ516\lib\mysql-connector-java-8.0.30.jar -XX:+ShowCodeDetailsInExceptionMessages -Djdk.module.main=AssignmentTicketBookingSystemJ516 
java_command: AssignmentTicketBookingSystemJ516/com.hexaware.ticketbookingsystem.main.TicketBookingSystemDB
java_class_path (initial): D:\hexaware_java\CaseStudyAssetManagement\lib\mysql-connector-java-8.0.30.jar
Launcher Type: SUN_STANDARD

[Global flags]
     intx CICompilerCount                          = 4                                         {product} {ergonomic}
     uint ConcGCThreads                            = 2                                         {product} {ergonomic}
     uint G1ConcRefinementThreads                  = 8                                         {product} {ergonomic}
   size_t G1HeapRegionSize                         = 1048576                                   {product} {ergonomic}
    uintx GCDrainStackTargetSize                   = 64                                        {product} {ergonomic}
   size_t InitialHeapSize                          = 100663296                                 {product} {ergonomic}
   size_t MarkStackSize                            = 4194304                                   {product} {ergonomic}
   size_t MaxHeapSize                              = 1587544064                                {product} {ergonomic}
   size_t MaxNewSize                               = 952107008                                 {product} {ergonomic}
   size_t MinHeapDeltaBytes                        = 1048576                                   {product} {ergonomic}
   size_t MinHeapSize                              = 8388608                                   {product} {ergonomic}
    uintx NonNMethodCodeHeapSize                   = 5839372                                {pd product} {ergonomic}
    uintx NonProfiledCodeHeapSize                  = 122909434                              {pd product} {ergonomic}
    uintx ProfiledCodeHeapSize                     = 122909434                              {pd product} {ergonomic}
    uintx ReservedCodeCacheSize                    = 251658240                              {pd product} {ergonomic}
     bool SegmentedCodeCache                       = true                                      {product} {ergonomic}
     bool ShowCodeDetailsInExceptionMessages       = true                                   {manageable} {command line}
   size_t SoftMaxHeapSize                          = 1587544064                             {manageable} {ergonomic}
     bool UseCompressedClassPointers               = true                           {product lp64_product} {ergonomic}
     bool UseCompressedOops                        = true                           {product lp64_product} {ergonomic}
     bool UseG1GC                                  = true                                      {product} {ergonomic}
     bool UseLargePagesIndividualAllocation        = false                                  {pd product} {ergonomic}

Logging:
Log output configuration:
 #0: stdout all=warning uptime,level,tags
 #1: stderr all=off uptime,level,tags

Environment Variables:
PATH=C:/Users/hp/.p2/pool/plugins/org.eclipse.justj.openjdk.hotspot.jre.full.win32.x86_64_17.0.4.v20221004-1257/jre/bin/server;C:/Users/hp/.p2/pool/plugins/org.eclipse.justj.openjdk.hotspot.jre.full.win32.x86_64_17.0.4.v20221004-1257/jre/bin;C:\Program Files\Common Files\Oracle\Java\javapath;D:\instantclient-basic-windows.x64-11.2.0.4.0\instantclient_11_2;C:\ProgramData\Oracle\Java\javapath;C:\Program Files\Python310\Scripts\;C:\Program Files\Python310\;C:\WINDOWS\system32;C:\WINDOWS;C:\WINDOWS\System32\Wbem;C:\WINDOWS\System32\WindowsPowerShell\v1.0\;C:\WINDOWS\System32\OpenSSH\;C:\Program Files\Git\cmd;C:\ProgramData\chocolatey\bin;C:\Program Files\dotnet\;C:\Program Files\Microsoft SQL Server\130\Tools\Binn\;C:\Program Files\Microsoft SQL Server\Client SDK\ODBC\170\Tools\Binn\;C:\Program Files\Java\jdk1.8.0_151\bin;C:\WINDOWS\system32;C:\WINDOWS;C:\WINDOWS\System32\Wbem;C:\WINDOWS\System32\WindowsPowerShell\v1.0\;C:\WINDOWS\System32\OpenSSH\;C:\Program Files\nodejs\;C:\Program Files\MongoDB\Tools\100\bin;C:\Program Files\MySQL\MySQL Server 8.0\bin;C:\Program Files\MySQL\MySQL Shell 8.0\bin\;C:\Users\hp\AppData\Local\Microsoft\WindowsApps;C:\Program Files (x86)\mingw-w64\i686-8.1.0-posix-dwarf-rt_v6-rev0\mingw32\bin;C:\Users\hp\AppData\Local\Programs\Microsoft VS Code\bin;C:\Users\hp\.dotnet\tools;C:\Program Files\MongoDB\Server\6.0\bin;C:\php-8.2.4-Win32-vs16-x64;C:\Users\hp\composer;C:\Users\hp\AppData\Roaming\Composer\vendor\bin;C:\Users\hp\AppData\Roaming\npm;C:\Users\hp\AppData\Local\Programs\mongosh\;C:\Program Files\MySQL\MySQL Server 8.0\bin;;C:\Users\hp\Desktop;
USERNAME=hp
OS=Windows_NT
PROCESSOR_IDENTIFIER=AMD64 Family 23 Model 24 Stepping 1, AuthenticAMD
TMP=C:\Users\hp\AppData\Local\Temp
TEMP=C:\Users\hp\AppData\Local\Temp



---------------  S Y S T E M  ---------------

OS:
 Windows 11 , 64 bit Build 22621 (10.0.22621.3958)
OS uptime: 7 days 5:50 hours

CPU: total 8 (initial active 8) (8 cores per cpu, 2 threads per core) family 23 model 24 stepping 1 microcode 0x0, cx8, cmov, fxsr, ht, mmx, 3dnowpref, sse, sse2, sse3, ssse3, sse4a, sse4.1, sse4.2, popcnt, lzcnt, tsc, tscinvbit, avx, avx2, aes, clmul, bmi1, bmi2, adx, sha, fma, vzeroupper, clflush, clflushopt

Memory: 4k page, system-wide physical 6055M (220M free)
TotalPageFile size 24487M (AvailPageFile size 0M)
current process WorkingSet (physical memory assigned to process): 36M, peak: 36M
current process commit charge ("private bytes"): 172M, peak: 172M

vm_info: OpenJDK 64-Bit Server VM (17.0.4.1+1) for windows-amd64 JRE (17.0.4.1+1), built on Aug 17 2022 07:42:43 by "temurin" with MS VC++ 16.7 (VS2019)

END.
